\BOOKMARK [0][-]{part.1}{\376\377\000I\000\040\000T\000r\000a\000n\000s\000p\000o\000r\000t\000\040\000P\000D\000E\000s\000\040\000a\000n\000d\000\040\000D\000y\000n\000a\000m\000i\000c\000s}{}% 1
\BOOKMARK [1][-]{section.1}{\376\377\000C\000o\000r\000e\000\040\000o\000b\000j\000e\000c\000t\000s\000\040\000a\000n\000d\000\040\000n\000o\000t\000a\000t\000i\000o\000n}{part.1}% 2
\BOOKMARK [1][-]{section.2}{\376\377\000S\000t\000o\000c\000h\000a\000s\000t\000i\000c\000\040\000d\000y\000n\000a\000m\000i\000c\000s\000\040\000a\000n\000d\000\040\000t\000h\000e\000\040\000F\000o\000k\000k\000e\000r\040\023\000P\000l\000a\000n\000c\000k\000\040\000e\000q\000u\000a\000t\000i\000o\000n}{part.1}% 3
\BOOKMARK [2][-]{subsection.2.1}{\376\377\000F\000o\000r\000w\000a\000r\000d\000\040\000S\000D\000E}{section.2}% 4
\BOOKMARK [2][-]{subsection.2.2}{\376\377\000T\000h\000e\000\040\000F\000o\000k\000k\000e\000r\040\023\000P\000l\000a\000n\000c\000k\000\040\000e\000q\000u\000a\000t\000i\000o\000n}{section.2}% 5
\BOOKMARK [2][-]{subsection.2.3}{\376\377\000A\000\040\000f\000u\000n\000d\000a\000m\000e\000n\000t\000a\000l\000\040\000s\000c\000o\000r\000e\000\040\000i\000d\000e\000n\000t\000i\000t\000y}{section.2}% 6
\BOOKMARK [1][-]{section.3}{\376\377\000D\000e\000t\000e\000r\000m\000i\000n\000i\000s\000t\000i\000c\000\040\000d\000y\000n\000a\000m\000i\000c\000s\000\040\000a\000n\000d\000\040\000t\000h\000e\000\040\000c\000o\000n\000t\000i\000n\000u\000i\000t\000y\000\040\000e\000q\000u\000a\000t\000i\000o\000n}{part.1}% 7
\BOOKMARK [2][-]{subsection.3.1}{\376\377\000F\000l\000o\000w\000\040\000m\000a\000p\000s\000\040\000a\000n\000d\000\040\000v\000e\000l\000o\000c\000i\000t\000y\000\040\000f\000i\000e\000l\000d\000s}{section.3}% 8
\BOOKMARK [2][-]{subsection.3.2}{\376\377\000T\000h\000e\000\040\000c\000o\000n\000t\000i\000n\000u\000i\000t\000y\000\040\000e\000q\000u\000a\000t\000i\000o\000n}{section.3}% 9
\BOOKMARK [2][-]{subsection.3.3}{\376\377\000M\000a\000s\000s\000\040\000c\000o\000n\000s\000e\000r\000v\000a\000t\000i\000o\000n\000\040\000c\000r\000i\000t\000e\000r\000i\000o\000n}{section.3}% 10
\BOOKMARK [1][-]{section.4}{\376\377\000T\000h\000e\000\040\000S\000D\000E\000/\000O\000D\000E\000\040\000b\000r\000i\000d\000g\000e}{part.1}% 11
\BOOKMARK [2][-]{subsection.4.1}{\376\377\000P\000r\000o\000b\000a\000b\000i\000l\000i\000t\000y\000-\000f\000l\000o\000w\000\040\000O\000D\000E}{section.4}% 12
\BOOKMARK [2][-]{subsection.4.2}{\376\377\000R\000e\000v\000e\000r\000s\000e\000-\000t\000i\000m\000e\000\040\000S\000D\000E}{section.4}% 13
\BOOKMARK [2][-]{subsection.4.3}{\376\377\000A\000\040\000c\000o\000n\000t\000i\000n\000u\000u\000m\000\040\000o\000f\000\040\000m\000a\000r\000g\000i\000n\000a\000l\000-\000p\000r\000e\000s\000e\000r\000v\000i\000n\000g\000\040\000S\000D\000E\000s}{section.4}% 14
\BOOKMARK [0][-]{part.2}{\376\377\000I\000I\000\040\000F\000l\000o\000w\000\040\000M\000a\000t\000c\000h\000i\000n\000g\000\040\000F\000r\000a\000m\000e\000w\000o\000r\000k}{}% 15
\BOOKMARK [1][-]{section.5}{\376\377\000F\000r\000o\000m\000\040\000d\000i\000f\000f\000u\000s\000i\000o\000n\000\040\000i\000n\000s\000i\000g\000h\000t\000s\000\040\000t\000o\000\040\000t\000h\000e\000\040\000g\000e\000n\000e\000r\000a\000l\000\040\000f\000r\000a\000m\000e\000w\000o\000r\000k}{part.2}% 16
\BOOKMARK [2][-]{subsection.5.1}{\376\377\000L\000e\000s\000s\000o\000n\000\040\000f\000r\000o\000m\000\040\000s\000c\000o\000r\000e\000-\000b\000a\000s\000e\000d\000\040\000d\000i\000f\000f\000u\000s\000i\000o\000n}{section.5}% 17
\BOOKMARK [2][-]{subsection.5.2}{\376\377\000T\000h\000e\000\040\000f\000l\000o\000w\000\040\000m\000a\000t\000c\000h\000i\000n\000g\000\040\000f\000r\000a\000m\000e\000w\000o\000r\000k}{section.5}% 18
\BOOKMARK [3][-]{subsubsection.5.2.1}{\376\377\000S\000t\000e\000p\000\040\0001\000:\000\040\000C\000o\000n\000d\000i\000t\000i\000o\000n\000a\000l\000\040\000p\000a\000t\000h\000\040\000a\000n\000d\000\040\000i\000t\000s\000\040\000m\000a\000r\000g\000i\000n\000a\000l\000\040\000d\000e\000n\000s\000i\000t\000i\000e\000s}{subsection.5.2}% 19
\BOOKMARK [3][-]{subsubsection.5.2.2}{\376\377\000S\000t\000e\000p\000\040\0002\000:\000\040\000V\000e\000l\000o\000c\000i\000t\000y\000\040\000f\000i\000e\000l\000d}{subsection.5.2}% 20
\BOOKMARK [3][-]{subsubsection.5.2.3}{\376\377\000S\000t\000e\000p\000\040\0003\000:\000\040\000L\000e\000a\000r\000n\000i\000n\000g\000\040\000v\000i\000a\000\040\000t\000h\000e\000\040\000c\000o\000n\000d\000i\000t\000i\000o\000n\000a\000l\000\040\000s\000t\000r\000a\000t\000e\000g\000y}{subsection.5.2}% 21
\BOOKMARK [2][-]{subsection.5.3}{\376\377\000T\000h\000e\000\040\000m\000a\000r\000g\000i\000n\000a\000l\000i\000z\000a\000t\000i\000o\000n\000\040\000t\000r\000i\000c\000k}{section.5}% 22
\BOOKMARK [2][-]{subsection.5.4}{\376\377\000C\000F\000M\000\040\000a\000n\000d\000\040\000F\000M\000\040\000h\000a\000v\000e\000\040\000t\000h\000e\000\040\000s\000a\000m\000e\000\040\000g\000r\000a\000d\000i\000e\000n\000t}{section.5}% 23
\BOOKMARK [0][-]{part.3}{\376\377\000I\000I\000I\000\040\000C\000o\000n\000s\000t\000r\000u\000c\000t\000i\000n\000g\000\040\000P\000r\000o\000b\000a\000b\000i\000l\000i\000t\000y\000\040\000P\000a\000t\000h\000s\000\040\000a\000n\000d\000\040\000V\000e\000l\000o\000c\000i\000t\000y\000\040\000F\000i\000e\000l\000d\000s}{}% 24
\BOOKMARK [1][-]{section.6}{\376\377\000W\000a\000r\000m\000-\000u\000p\000:\000\040\000G\000a\000u\000s\000s\000i\000a\000n\000-\000t\000o\000-\000G\000a\000u\000s\000s\000i\000a\000n\000\040\000b\000r\000i\000d\000g\000e}{part.3}% 25
\BOOKMARK [1][-]{section.7}{\376\377\000P\000r\000o\000b\000a\000b\000i\000l\000i\000t\000y\000-\000p\000a\000t\000h\000-\000f\000i\000r\000s\000t\000\040\000c\000o\000n\000s\000t\000r\000u\000c\000t\000i\000o\000n\000\040\000\050\000E\000u\000l\000e\000r\000i\000a\000n\000\040\000v\000i\000e\000w\000\051}{part.3}% 26
\BOOKMARK [2][-]{subsection.7.1}{\376\377\000O\000n\000e\000-\000s\000i\000d\000e\000d\000\040\000c\000o\000n\000d\000i\000t\000i\000o\000n\000i\000n\000g\000\040\000\050\000z\000\040\000=\000\040\000x\0001\000\040\000p\000t\000g\000t\000\051}{section.7}% 27
\BOOKMARK [2][-]{subsection.7.2}{\376\377\000T\000w\000o\000-\000s\000i\000d\000e\000d\000\040\000c\000o\000n\000d\000i\000t\000i\000o\000n\000i\000n\000g\000\040\000\050\000z\000\040\000=\000\040\000\050\000x\0000\000,\000\040\000x\0001\000\051\000\051}{section.7}% 28
\BOOKMARK [2][-]{subsection.7.3}{\376\377\000G\000a\000u\000s\000s\000i\000a\000n\000\040\000F\000M\000\040\000=\000\040\000D\000i\000f\000f\000u\000s\000i\000o\000n}{section.7}% 29
\BOOKMARK [1][-]{section.8}{\376\377\000F\000l\000o\000w\000-\000f\000i\000r\000s\000t\000\040\000c\000o\000n\000s\000t\000r\000u\000c\000t\000i\000o\000n\000\040\000\050\000L\000a\000g\000r\000a\000n\000g\000i\000a\000n\000\040\000v\000i\000e\000w\000\051}{part.3}% 30
\BOOKMARK [2][-]{subsection.8.1}{\376\377\000C\000o\000n\000d\000i\000t\000i\000o\000n\000a\000l\000\040\000a\000f\000f\000i\000n\000e\000\040\000f\000l\000o\000w}{section.8}% 31
\BOOKMARK [2][-]{subsection.8.2}{\376\377\000O\000n\000e\000-\000s\000i\000d\000e\000d\000\040\000\050\000z\000\040\000=\000\040\000x\0001\000\051}{section.8}% 32
\BOOKMARK [2][-]{subsection.8.3}{\376\377\000T\000w\000o\000-\000s\000i\000d\000e\000d\000\040\000\050\000z\000\040\000=\000\040\000\050\000x\0000\000,\000\040\000x\0001\000\051\000\051}{section.8}% 33
\BOOKMARK [2][-]{subsection.8.4}{\376\377\000R\000e\000c\000o\000v\000e\000r\000y\000\040\000o\000f\000\040\000t\000h\000e\000\040\000G\000a\000u\000s\000s\000i\000a\000n\000\040\000b\000r\000i\000d\000g\000e}{section.8}% 34
\BOOKMARK [1][-]{section.9}{\376\377\000P\000a\000t\000h\000-\000f\000i\000r\000s\000t\000\040\000v\000s\000.\000\040\000f\000l\000o\000w\000-\000f\000i\000r\000s\000t\000:\000\040\000c\000o\000m\000p\000a\000r\000i\000s\000o\000n}{part.3}% 35
\BOOKMARK [0][-]{part.4}{\376\377\000I\000V\000\040\000G\000a\000u\000s\000s\000i\000a\000n\000\040\000P\000a\000t\000h\000s\000,\000\040\000S\000c\000o\000r\000e\000s\000,\000\040\000a\000n\000d\000\040\000F\000u\000l\000l\000\040\000U\000n\000i\000f\000i\000c\000a\000t\000i\000o\000n}{}% 36
\BOOKMARK [1][-]{section.10}{\376\377\000F\000r\000o\000m\000\040\000f\000o\000r\000w\000a\000r\000d\000\040\000S\000D\000E\000s\000\040\000t\000o\000\040\000a\000f\000f\000i\000n\000e\000\040\000G\000a\000u\000s\000s\000i\000a\000n\000\040\000s\000c\000h\000e\000d\000u\000l\000e\000s}{part.4}% 37
\BOOKMARK [2][-]{subsection.10.1}{\376\377\000L\000i\000n\000e\000a\000r\000\040\000S\000D\000E\000\040\000a\000n\000d\000\040\000i\000t\000s\000\040\000G\000a\000u\000s\000s\000i\000a\000n\000\040\000c\000o\000n\000d\000i\000t\000i\000o\000n\000a\000l\000\040\000l\000a\000w}{section.10}% 38
\BOOKMARK [2][-]{subsection.10.2}{\376\377\000I\000n\000v\000e\000r\000s\000e\000\040\000i\000d\000e\000n\000t\000i\000f\000i\000c\000a\000t\000i\000o\000n\000:\000\040\000\050\000t\000,\000t\000\051\000\040\000\050\000f\000t\000,\000g\000t\000\051}{section.10}% 39
\BOOKMARK [2][-]{subsection.10.3}{\376\377\000V\000P\000\040\000a\000n\000d\000\040\000V\000E\000\040\000a\000s\000\040\000s\000p\000e\000c\000i\000a\000l\000\040\000c\000a\000s\000e\000s}{section.10}% 40
\BOOKMARK [1][-]{section.11}{\376\377\000S\000c\000o\000r\000e\000\040\000i\000d\000e\000n\000t\000i\000t\000i\000e\000s\000,\000\040\000f\000o\000u\000r\000\040\000p\000a\000r\000a\000m\000e\000t\000e\000r\000i\000z\000a\000t\000i\000o\000n\000s\000,\000\040\000a\000n\000d\000\040\000t\000h\000e\000\040\000F\000M\000\040\000=\000\040\000D\000i\000f\000f\000u\000s\000i\000o\000n\000\040\000e\000q\000u\000i\000v\000a\000l\000e\000n\000c\000e}{part.4}% 41
\BOOKMARK [2][-]{subsection.11.1}{\376\377\000T\000h\000e\000\040\000a\000f\000f\000i\000n\000e\000\040\000G\000a\000u\000s\000s\000i\000a\000n\000\040\000p\000a\000t\000h}{section.11}% 42
\BOOKMARK [2][-]{subsection.11.2}{\376\377\000S\000c\000o\000r\000e\000\040\000m\000a\000r\000g\000i\000n\000a\000l\000i\000z\000a\000t\000i\000o\000n\000\040\000f\000o\000r\000\040\000G\000a\000u\000s\000s\000i\000a\000n\000\040\000m\000i\000x\000t\000u\000r\000e\000s}{section.11}% 43
\BOOKMARK [2][-]{subsection.11.3}{\376\377\000T\000h\000e\000\040\000f\000o\000u\000r\000\040\000p\000r\000e\000d\000i\000c\000t\000i\000o\000n\000\040\000t\000y\000p\000e\000s\000\040\000a\000n\000d\000\040\000t\000h\000e\000i\000r\000\040\000a\000l\000g\000e\000b\000r\000a\000i\000c\000\040\000e\000q\000u\000i\000v\000a\000l\000e\000n\000c\000e}{section.11}% 44
\BOOKMARK [2][-]{subsection.11.4}{\376\377\000T\000h\000e\000\040\000F\000M\000\040\000v\000e\000l\000o\000c\000i\000t\000y\000\040\000i\000s\000\040\000t\000h\000e\000\040\000P\000F\000-\000O\000D\000E\000\040\000d\000r\000i\000f\000t\000:\000\040\000t\000h\000e\000\040\000c\000o\000m\000p\000l\000e\000t\000e\000\040\000e\000q\000u\000i\000v\000a\000l\000e\000n\000c\000e}{section.11}% 45
\BOOKMARK [2][-]{subsection.11.5}{\376\377\000P\000F\000-\000O\000D\000E\000\040\000i\000n\000\040\000a\000l\000l\000\040\000f\000o\000u\000r\000\040\000p\000a\000r\000a\000m\000e\000t\000e\000r\000i\000z\000a\000t\000i\000o\000n\000s}{section.11}% 46
\BOOKMARK [1][-]{section.12}{\376\377\000A\000l\000l\000\040\000a\000f\000f\000i\000n\000e\000\040\000f\000l\000o\000w\000s\000\040\000a\000r\000e\000\040\000e\000q\000u\000i\000v\000a\000l\000e\000n\000t}{part.4}% 47
\BOOKMARK [0][-]{part.5}{\376\377\000V\000\040\000S\000y\000n\000t\000h\000e\000s\000i\000s}{}% 48
\BOOKMARK [1][-]{section.13}{\376\377\000T\000h\000e\000\040\000F\000o\000k\000k\000e\000r\040\023\000P\000l\000a\000n\000c\000k\000\040\000e\000q\000u\000a\000t\000i\000o\000n\000\040\000a\000s\000\040\000t\000h\000e\000\040\000u\000n\000i\000f\000y\000i\000n\000g\000\040\000p\000r\000i\000n\000c\000i\000p\000l\000e}{part.5}% 49
\BOOKMARK [1][-]{appendix.A}{\376\377\000D\000e\000r\000i\000v\000a\000t\000i\000o\000n\000\040\000o\000f\000\040\000w\000e\000a\000k\000\040\000f\000o\000r\000m\000s\000\040\000f\000r\000o\000m\000\040\000s\000t\000o\000c\000h\000a\000s\000t\000i\000c\000\040\000c\000a\000l\000c\000u\000l\000u\000s}{part.5}% 50
\BOOKMARK [2][-]{subsection.A.1}{\376\377\000O\000D\000E\000\040\000c\000a\000s\000e}{appendix.A}% 51
\BOOKMARK [2][-]{subsection.A.2}{\376\377\000S\000D\000E\000\040\000c\000a\000s\000e}{appendix.A}% 52
