\BOOKMARK [1][-]{section.1}{\376\377\000I\000n\000t\000r\000o\000d\000u\000c\000t\000i\000o\000n}{}% 1
\BOOKMARK [1][-]{section.2}{\376\377\000B\000a\000c\000k\000g\000r\000o\000u\000n\000d}{}% 2
\BOOKMARK [2][-]{subsection.2.1}{\376\377\000D\000i\000f\000f\000u\000s\000i\000o\000n\000\040\000m\000o\000d\000e\000l\000s}{section.2}% 3
\BOOKMARK [2][-]{subsection.2.2}{\376\377\000F\000l\000o\000w\000\040\000M\000a\000t\000c\000h\000i\000n\000g}{section.2}% 4
\BOOKMARK [1][-]{section.3}{\376\377\000E\000q\000u\000i\000v\000a\000l\000e\000n\000c\000e\000\040\000w\000i\000t\000h\000\040\000d\000i\000f\000f\000u\000s\000i\000o\000n\000\040\000m\000o\000d\000e\000l\000s}{}% 5
\BOOKMARK [1][-]{section.4}{\376\377\000G\000e\000n\000e\000r\000a\000l\000i\000z\000a\000t\000i\000o\000n\000\040\000a\000n\000a\000l\000y\000s\000i\000s}{}% 6
\BOOKMARK [2][-]{subsection.4.1}{\376\377\000T\000h\000e\000\040\000c\000l\000o\000s\000e\000d\000-\000f\000o\000r\000m\000\040\000o\000p\000t\000i\000m\000a\000l\000\040\000v\000e\000l\000o\000c\000i\000t\000y\000\040\000f\000i\000e\000l\000d}{section.4}% 7
\BOOKMARK [2][-]{subsection.4.2}{\376\377\000T\000a\000r\000g\000e\000t\000\040\000s\000t\000o\000c\000h\000a\000s\000t\000i\000c\000i\000t\000y\000\040\000i\000s\000\040\000n\000o\000t\000\040\000t\000h\000e\000\040\000a\000n\000s\000w\000e\000r}{section.4}% 8
\BOOKMARK [2][-]{subsection.4.3}{\376\377\000G\000e\000n\000e\000r\000a\000l\000i\000z\000a\000t\000i\000o\000n\000\040\000f\000r\000o\000m\000\040\000l\000i\000m\000i\000t\000e\000d\000\040\000n\000e\000t\000w\000o\000r\000k\000\040\000c\000a\000p\000a\000c\000i\000t\000y}{section.4}% 9
\BOOKMARK [2][-]{subsection.4.4}{\376\377\000T\000h\000e\000\040\000g\000e\000n\000e\000r\000a\000l\000i\000z\000a\000t\000i\000o\000n\000\040\000s\000w\000i\000t\000c\000h\000i\000n\000g\000\040\000t\000i\000m\000e}{section.4}% 10
\BOOKMARK [1][-]{section.5}{\376\377\000E\000m\000p\000i\000r\000i\000c\000a\000l\000\040\000F\000l\000o\000w\000\040\000M\000a\000t\000c\000h\000i\000n\000g}{}% 11
\BOOKMARK [2][-]{subsection.5.1}{\376\377\000A\000l\000g\000o\000r\000i\000t\000h\000m}{section.5}% 12
\BOOKMARK [2][-]{subsection.5.2}{\376\377\000R\000e\000s\000u\000l\000t\000s\000\040\000o\000n\000\040\000i\000m\000a\000g\000e\000\040\000d\000a\000t\000a}{section.5}% 13
\BOOKMARK [1][-]{section.6}{\376\377\000E\000x\000p\000e\000r\000i\000m\000e\000n\000t\000a\000l\000\040\000s\000e\000t\000u\000p}{}% 14
\BOOKMARK [2][-]{subsection.6.1}{\376\377\000S\000y\000n\000t\000h\000e\000t\000i\000c\000\040\000d\000a\000t\000a\000s\000e\000t\000s}{section.6}% 15
\BOOKMARK [2][-]{subsection.6.2}{\376\377\000A\000r\000c\000h\000i\000t\000e\000c\000t\000u\000r\000e\000\040\000a\000n\000d\000\040\000o\000p\000t\000i\000m\000i\000z\000a\000t\000i\000o\000n}{section.6}% 16
\BOOKMARK [2][-]{subsection.6.3}{\376\377\000M\000e\000a\000s\000u\000r\000e\000d\000\040\000q\000u\000a\000n\000t\000i\000t\000i\000e\000s}{section.6}% 17
\BOOKMARK [1][-]{section.7}{\376\377\000R\000e\000p\000r\000o\000d\000u\000c\000i\000n\000g\000\040\000t\000h\000e\000\040\000p\000a\000p\000e\000r}{}% 18
\BOOKMARK [2][-]{subsection.7.1}{\376\377\000R\000e\000p\000l\000i\000c\000a\000t\000i\000o\000n\000\040\000o\000f\000\040\000F\000i\000g\000u\000r\000e\000\040\0001\000:\000\040\000s\000t\000o\000c\000h\000a\000s\000t\000i\000c\000i\000t\000y\000\040\000a\000n\000a\000l\000y\000s\000i\000s}{section.7}% 19
\BOOKMARK [2][-]{subsection.7.2}{\376\377\000R\000e\000p\000l\000i\000c\000a\000t\000i\000o\000n\000\040\000o\000f\000\040\000F\000i\000g\000u\000r\000e\000\040\0002\000:\000\040\000v\000e\000l\000o\000c\000i\000t\000y\000\040\000a\000p\000p\000r\000o\000x\000i\000m\000a\000t\000i\000o\000n\000\040\000f\000a\000i\000l\000u\000r\000e}{section.7}% 20
\BOOKMARK [2][-]{subsection.7.3}{\376\377\000R\000e\000p\000l\000i\000c\000a\000t\000i\000o\000n\000\040\000o\000f\000\040\000F\000i\000g\000u\000r\000e\000\040\0003\000:\000\040\000g\000e\000n\000e\000r\000a\000l\000i\000z\000a\000t\000i\000o\000n\000\040\000s\000w\000i\000t\000c\000h\000i\000n\000g\000\040\000t\000i\000m\000e}{section.7}% 21
\BOOKMARK [1][-]{section.8}{\376\377\000A\000d\000d\000i\000t\000i\000o\000n\000a\000l\000\040\000e\000x\000p\000e\000r\000i\000m\000e\000n\000t\000s}{}% 22
\BOOKMARK [2][-]{subsection.8.1}{\376\377\000D\000a\000t\000a\000s\000e\000t\000\040\000g\000e\000o\000m\000e\000t\000r\000y}{section.8}% 23
\BOOKMARK [2][-]{subsection.8.2}{\376\377\000D\000i\000m\000e\000n\000s\000i\000o\000n\000\040\000s\000c\000a\000l\000i\000n\000g}{section.8}% 24
\BOOKMARK [2][-]{subsection.8.3}{\376\377\000M\000o\000d\000e\000l\000\040\000c\000a\000p\000a\000c\000i\000t\000y}{section.8}% 25
\BOOKMARK [2][-]{subsection.8.4}{\376\377\000T\000r\000a\000i\000n\000i\000n\000g\000\040\000d\000u\000r\000a\000t\000i\000o\000n}{section.8}% 26
\BOOKMARK [1][-]{section.9}{\376\377\000D\000i\000s\000c\000u\000s\000s\000i\000o\000n}{}% 27
\BOOKMARK [1][-]{section.10}{\376\377\000U\000s\000e\000\040\000o\000f\000\040\000c\000h\000a\000t\000b\000o\000t\000\040\000t\000o\000o\000l\000s}{}% 28
\BOOKMARK [1][-]{section.11}{\376\377\000C\000o\000n\000c\000l\000u\000s\000i\000o\000n}{}% 29
\BOOKMARK [1][-]{appendix.A}{\376\377\000A\000d\000d\000i\000t\000i\000o\000n\000a\000l\000\040\000f\000i\000g\000u\000r\000e\000s}{}% 30
